<?xml version="1.0" encoding="UTF-8"?>
<!-- Generated by org.testng.reporters.JUnitXMLReporter -->
<testsuite ignored="12" hostname="VijayKumar" failures="3" tests="7" name="Test" time="135.908" errors="0" timestamp="2022-06-16T16:13:32 IST">
  <testcase classname="com.crm.Campaigns.ToCreateAndVerifyTheCampaignsTest" name="toCreateAndVerifyTheCampaignsTest" time="8.783">
    <failure type="java.lang.AssertionError" message="null">
      <![CDATA[java.lang.AssertionError: null
at com.crm.Campaigns.ToCreateAndVerifyTheCampaignsTest.toCreateAndVerifyTheCampaignsTest(ToCreateAndVerifyTheCampaignsTest.java:55)
at java.base/java.util.concurrent.ThreadPoolExecutor.runWorker(ThreadPoolExecutor.java:1130)
at java.base/java.util.concurrent.ThreadPoolExecutor$Worker.run(ThreadPoolExecutor.java:630)
at java.base/java.lang.Thread.run(Thread.java:831)
... Removed 14 stack frames]]>
    </failure>
  </testcase> <!-- toCreateAndVerifyTheCampaignsTest -->
  <testcase classname="com.crm.Contacts.ToCreateAndVerifyContactsTest" name="toCreateAndVerifyContactsTest" time="18.759"/>
  <testcase classname="com.crm.Documents.ToCreateAndVerifyTheDocumentsTest" name="toCreateAndVerifyTheDocumentsTest" time="5.393">
    <failure type="java.lang.AssertionError" message="null">
      <![CDATA[java.lang.AssertionError: null
at com.crm.Documents.ToCreateAndVerifyTheDocumentsTest.toCreateAndVerifyTheDocumentsTest(ToCreateAndVerifyTheDocumentsTest.java:32)
at java.base/java.util.concurrent.ThreadPoolExecutor.runWorker(ThreadPoolExecutor.java:1130)
at java.base/java.util.concurrent.ThreadPoolExecutor$Worker.run(ThreadPoolExecutor.java:630)
at java.base/java.lang.Thread.run(Thread.java:831)
... Removed 14 stack frames]]>
    </failure>
  </testcase> <!-- toCreateAndVerifyTheDocumentsTest -->
  <testcase classname="com.crm.Organization.ToCreateAndVerifyOrganizationTest" name="toCreateAndVerifyOrganizationTest" time="11.92">
    <failure type="java.lang.AssertionError" message="null">
      <![CDATA[java.lang.AssertionError: null
at com.crm.Organization.ToCreateAndVerifyOrganizationTest.toCreateAndVerifyOrganizationTest(ToCreateAndVerifyOrganizationTest.java:64)
at java.base/java.util.concurrent.ThreadPoolExecutor.runWorker(ThreadPoolExecutor.java:1130)
at java.base/java.util.concurrent.ThreadPoolExecutor$Worker.run(ThreadPoolExecutor.java:630)
at java.base/java.lang.Thread.run(Thread.java:831)
... Removed 14 stack frames]]>
    </failure>
  </testcase> <!-- toCreateAndVerifyOrganizationTest -->
  <testcase classname="com.crm.Product.ToCreateAndVerifyProductTest" name="toCreateAndVerifyProductTest" time="13.102"/>
  <testcase classname="com.crm.Product.ToCreateAndVerifyTheProductTest" name="toCreateAndVerifyTheProductTest" time="14.252"/>
  <testcase classname="com.crm.purchaseorder.ToCreateAndVerifyThePurchaseOrderTest" name="toCreateAndVerifyThePurchaseOrderTest" time="50.931"/>
  <testcase classname="com.crm.genericUtilties.BaseClass" name="@BeforeSuite dbConfig" time="0.0">
    <ignored/>
  </testcase> <!-- @BeforeSuite dbConfig -->
  <testcase classname="com.crm.genericUtilties.BaseClass" name="@BeforeSuite dbConfig" time="0.0">
    <ignored/>
  </testcase> <!-- @BeforeSuite dbConfig -->
  <testcase classname="com.crm.genericUtilties.BaseClass" name="@BeforeSuite dbConfig" time="0.0">
    <ignored/>
  </testcase> <!-- @BeforeSuite dbConfig -->
  <testcase classname="com.crm.genericUtilties.BaseClass" name="@BeforeSuite dbConfig" time="0.0">
    <ignored/>
  </testcase> <!-- @BeforeSuite dbConfig -->
  <testcase classname="com.crm.genericUtilties.BaseClass" name="@BeforeSuite dbConfig" time="0.0">
    <ignored/>
  </testcase> <!-- @BeforeSuite dbConfig -->
  <testcase classname="com.crm.genericUtilties.BaseClass" name="@BeforeSuite dbConfig" time="0.0">
    <ignored/>
  </testcase> <!-- @BeforeSuite dbConfig -->
  <testcase classname="com.crm.genericUtilties.BaseClass" name="@AfterSuite closeDBconfig" time="0.0">
    <ignored/>
  </testcase> <!-- @AfterSuite closeDBconfig -->
  <testcase classname="com.crm.genericUtilties.BaseClass" name="@AfterSuite closeDBconfig" time="0.0">
    <ignored/>
  </testcase> <!-- @AfterSuite closeDBconfig -->
  <testcase classname="com.crm.genericUtilties.BaseClass" name="@AfterSuite closeDBconfig" time="0.0">
    <ignored/>
  </testcase> <!-- @AfterSuite closeDBconfig -->
  <testcase classname="com.crm.genericUtilties.BaseClass" name="@AfterSuite closeDBconfig" time="0.0">
    <ignored/>
  </testcase> <!-- @AfterSuite closeDBconfig -->
  <testcase classname="com.crm.genericUtilties.BaseClass" name="@AfterSuite closeDBconfig" time="0.0">
    <ignored/>
  </testcase> <!-- @AfterSuite closeDBconfig -->
  <testcase classname="com.crm.genericUtilties.BaseClass" name="@AfterSuite closeDBconfig" time="0.0">
    <ignored/>
  </testcase> <!-- @AfterSuite closeDBconfig -->
</testsuite> <!-- Test -->
