<?xml version="1.0" encoding="UTF-8"?>
<!-- Generated by org.testng.reporters.JUnitXMLReporter -->
<testsuite ignored="7" hostname="VijayKumar" failures="0" tests="0" time="0.0" errors="0" timestamp="2022-06-16T16:24:01 IST">
  <testcase classname="com.crm.Product.ToCreateAndVerifyTheProductTest" name="toCreateAndVerifyTheProductTest" time="0.0">
    <ignored/>
  </testcase> <!-- toCreateAndVerifyTheProductTest -->
  <testcase classname="com.crm.genericUtilties.BaseClass" name="@BeforeSuite dbConfig" time="0.0">
    <ignored/>
  </testcase> <!-- @BeforeSuite dbConfig -->
  <testcase classname="com.crm.genericUtilties.BaseClass" name="@BeforeSuite dbConfig" time="0.0">
    <ignored/>
  </testcase> <!-- @BeforeSuite dbConfig -->
  <testcase classname="com.crm.purchaseorder.ToCreateAndVerifyThePurchaseOrderTest" name="toCreateAndVerifyThePurchaseOrderTest" time="0.0">
    <ignored/>
  </testcase> <!-- toCreateAndVerifyThePurchaseOrderTest -->
  <testcase classname="com.crm.genericUtilties.BaseClass" name="@AfterSuite closeDBconfig" time="0.0">
    <ignored/>
  </testcase> <!-- @AfterSuite closeDBconfig -->
  <testcase classname="com.crm.genericUtilties.BaseClass" name="@AfterSuite closeDBconfig" time="0.0">
    <ignored/>
  </testcase> <!-- @AfterSuite closeDBconfig -->
  <testcase classname="com.crm.Product.ToCreateAndVerifyProductTest" name="toCreateAndVerifyProductTest" time="0.0">
    <ignored/>
  </testcase> <!-- toCreateAndVerifyProductTest -->
</testsuite>
