<?xml version="1.0" encoding="UTF-8"?>
<!-- Generated by org.testng.reporters.JUnitXMLReporter -->
<testsuite ignored="4" hostname="VijayKumar" failures="0" tests="0" time="0.009" errors="0" timestamp="2022-06-16T16:24:01 IST">
  <testcase classname="com.crm.Campaigns.ToCreateAndVerifyTheCampaignsTest" name="toCreateAndVerifyTheCampaignsTest" time="0.0">
    <ignored/>
  </testcase> <!-- toCreateAndVerifyTheCampaignsTest -->
  <testcase classname="com.crm.genericUtilties.BaseClass" name="@BeforeSuite dbConfig" time="0.0">
    <ignored/>
  </testcase> <!-- @BeforeSuite dbConfig -->
  <testcase classname="com.crm.genericUtilties.BaseClass" name="@AfterSuite closeDBconfig" time="0.0">
    <ignored/>
  </testcase> <!-- @AfterSuite closeDBconfig -->
  <testcase classname="com.crm.Contacts.ToCreateAndVerifyContactsTest" name="toCreateAndVerifyContactsTest" time="0.0">
    <ignored/>
  </testcase> <!-- toCreateAndVerifyContactsTest -->
</testsuite>
