<?xml version="1.0" encoding="UTF-8"?>
<!-- Generated by org.testng.reporters.JUnitXMLReporter -->
<testsuite ignored="6" hostname="VijayKumar" failures="0" tests="4" name="TestRunner1" time="136.808" errors="0" timestamp="2022-06-16T17:26:04 IST">
  <testcase classname="com.crm.Campaigns.ToCreateAndVerifyTheCampaignsTest" name="toCreateAndVerifyTheCampaignsTest" time="31.73"/>
  <testcase classname="com.crm.Contacts.ToCreateAndVerifyContactsTest" name="toCreateAndVerifyContactsTest" time="20.533"/>
  <testcase classname="com.crm.Documents.ToCreateAndVerifyTheDocumentsTest" name="toCreateAndVerifyTheDocumentsTest" time="14.704"/>
  <testcase classname="com.crm.Organization.ToCreateAndVerifyOrganizationTest" name="toCreateAndVerifyOrganizationTest" time="14.672"/>
  <testcase classname="com.crm.genericUtilties.BaseClass" name="@BeforeSuite dbConfig" time="0.0">
    <ignored/>
  </testcase> <!-- @BeforeSuite dbConfig -->
  <testcase classname="com.crm.genericUtilties.BaseClass" name="@BeforeSuite dbConfig" time="0.0">
    <ignored/>
  </testcase> <!-- @BeforeSuite dbConfig -->
  <testcase classname="com.crm.genericUtilties.BaseClass" name="@BeforeSuite dbConfig" time="0.0">
    <ignored/>
  </testcase> <!-- @BeforeSuite dbConfig -->
  <testcase classname="com.crm.genericUtilties.BaseClass" name="@AfterSuite closeDBconfig" time="0.0">
    <ignored/>
  </testcase> <!-- @AfterSuite closeDBconfig -->
  <testcase classname="com.crm.genericUtilties.BaseClass" name="@AfterSuite closeDBconfig" time="0.0">
    <ignored/>
  </testcase> <!-- @AfterSuite closeDBconfig -->
  <testcase classname="com.crm.genericUtilties.BaseClass" name="@AfterSuite closeDBconfig" time="0.0">
    <ignored/>
  </testcase> <!-- @AfterSuite closeDBconfig -->
</testsuite> <!-- TestRunner1 -->
