<?xml version="1.0" encoding="UTF-8"?>
<testng-results ignored="0" total="1" passed="1" failed="0" skipped="0">
  <reporter-output>
  </reporter-output>
  <suite started-at="2022-06-23T19:24:11 IST" name="Default suite" finished-at="2022-06-23T19:25:12 IST" duration-ms="60940">
    <groups>
    </groups>
    <test started-at="2022-06-23T19:24:11 IST" name="Default test" finished-at="2022-06-23T19:25:12 IST" duration-ms="60940">
      <class name="com.crm.purchaseorder.ToCreateAndVerifyThePurchaseOrderTest">
        <test-method is-config="true" signature="dbConfig()[pri:0, instance:com.crm.purchaseorder.ToCreateAndVerifyThePurchaseOrderTest@2805d709]" started-at="2022-06-23T19:24:11 IST" name="dbConfig" finished-at="2022-06-23T19:24:11 IST" duration-ms="13" status="PASS">
          <reporter-output>
          </reporter-output>
        </test-method> <!-- dbConfig -->
        <test-method is-config="true" signature="lauchTheBrowser()[pri:0, instance:com.crm.purchaseorder.ToCreateAndVerifyThePurchaseOrderTest@2805d709]" started-at="2022-06-23T19:24:11 IST" name="lauchTheBrowser" finished-at="2022-06-23T19:24:17 IST" duration-ms="5912" status="PASS">
          <reporter-output>
          </reporter-output>
        </test-method> <!-- lauchTheBrowser -->
        <test-method is-config="true" signature="loginToApplication()[pri:0, instance:com.crm.purchaseorder.ToCreateAndVerifyThePurchaseOrderTest@2805d709]" started-at="2022-06-23T19:24:17 IST" name="loginToApplication" finished-at="2022-06-23T19:24:21 IST" duration-ms="3639" status="PASS">
          <reporter-output>
          </reporter-output>
        </test-method> <!-- loginToApplication -->
        <test-method signature="toCreateAndVerifyThePurchaseOrderTest()[pri:0, instance:com.crm.purchaseorder.ToCreateAndVerifyThePurchaseOrderTest@2805d709]" started-at="2022-06-23T19:24:21 IST" name="toCreateAndVerifyThePurchaseOrderTest" finished-at="2022-06-23T19:25:10 IST" duration-ms="48654" status="PASS">
          <reporter-output>
          </reporter-output>
        </test-method> <!-- toCreateAndVerifyThePurchaseOrderTest -->
        <test-method is-config="true" signature="logoutFromApplication()[pri:0, instance:com.crm.purchaseorder.ToCreateAndVerifyThePurchaseOrderTest@2805d709]" started-at="2022-06-23T19:25:10 IST" name="logoutFromApplication" finished-at="2022-06-23T19:25:12 IST" duration-ms="1977" status="PASS">
          <reporter-output>
          </reporter-output>
        </test-method> <!-- logoutFromApplication -->
        <test-method is-config="true" signature="closeTheBrowser()[pri:0, instance:com.crm.purchaseorder.ToCreateAndVerifyThePurchaseOrderTest@2805d709]" started-at="2022-06-23T19:25:12 IST" name="closeTheBrowser" finished-at="2022-06-23T19:25:12 IST" duration-ms="717" status="PASS">
          <reporter-output>
          </reporter-output>
        </test-method> <!-- closeTheBrowser -->
        <test-method is-config="true" signature="closeDBconfig()[pri:0, instance:com.crm.purchaseorder.ToCreateAndVerifyThePurchaseOrderTest@2805d709]" started-at="2022-06-23T19:25:12 IST" name="closeDBconfig" finished-at="2022-06-23T19:25:12 IST" duration-ms="0" status="PASS">
          <reporter-output>
          </reporter-output>
        </test-method> <!-- closeDBconfig -->
      </class> <!-- com.crm.purchaseorder.ToCreateAndVerifyThePurchaseOrderTest -->
    </test> <!-- Default test -->
  </suite> <!-- Default suite -->
</testng-results>
